<?xml version="1.0" encoding="UTF-8"?>
<coverage generated="1625763282307" clover="3.2.0">
  <project timestamp="1625763282308" name="All files">
    <metrics statements="24" coveredstatements="24" conditionals="9" coveredconditionals="9" methods="5" coveredmethods="5" elements="38" coveredelements="38" complexity="0" loc="24" ncloc="24" packages="1" files="2" classes="2"/>
    <file name="NewTodo.vue" path="D:\WebDevelopment\vuejs_unit_test_using_jest\src\views\NewTodo.vue">
      <metrics statements="13" coveredstatements="13" conditionals="7" coveredconditionals="7" methods="2" coveredmethods="2"/>
      <line num="19" count="1" type="stmt"/>
      <line num="24" count="4" type="stmt"/>
      <line num="37" count="4" type="stmt"/>
      <line num="38" count="4" type="cond" truecount="5" falsecount="0"/>
      <line num="39" count="1" type="stmt"/>
      <line num="42" count="3" type="stmt"/>
      <line num="44" count="3" type="stmt"/>
      <line num="45" count="3" type="stmt"/>
      <line num="46" count="2" type="cond" truecount="2" falsecount="0"/>
      <line num="47" count="1" type="stmt"/>
      <line num="49" count="1" type="stmt"/>
      <line num="52" count="1" type="stmt"/>
      <line num="54" count="3" type="stmt"/>
    </file>
    <file name="vuejs_unit_test_using_jest.vue" path="D:\WebDevelopment\vuejs_unit_test_using_jest\src\views\vuejs_unit_test_using_jest.vue">
      <metrics statements="11" coveredstatements="11" conditionals="2" coveredconditionals="2" methods="3" coveredmethods="3"/>
      <line num="34" count="1" type="stmt"/>
      <line num="35" count="1" type="stmt"/>
      <line num="42" count="4" type="stmt"/>
      <line num="48" count="4" type="stmt"/>
      <line num="52" count="4" type="stmt"/>
      <line num="53" count="4" type="stmt"/>
      <line num="54" count="3" type="cond" truecount="2" falsecount="0"/>
      <line num="55" count="2" type="stmt"/>
      <line num="57" count="1" type="stmt"/>
      <line num="59" count="3" type="stmt"/>
      <line num="61" count="1" type="stmt"/>
    </file>
  </project>
</coverage>
