{"D:\\WebDevelopment\\vuejs_unit_test_using_jest\\src\\views\\NewTodo.vue": {"path":"D:\\WebDevelopment\\vuejs_unit_test_using_jest\\src\\views\\NewTodo.vue","statementMap":{"0":{"start":{"line":19,"column":0},"end":{"line":19,"column":null}},"1":{"start":{"line":24,"column":0},"end":{"line":24,"column":null}},"2":{"start":{"line":37,"column":0},"end":{"line":37,"column":null}},"3":{"start":{"line":38,"column":0},"end":{"line":40,"column":null}},"4":{"start":{"line":39,"column":0},"end":{"line":39,"column":null}},"5":{"start":{"line":42,"column":0},"end":{"line":42,"column":null}},"6":{"start":{"line":44,"column":0},"end":{"line":55,"column":null}},"7":{"start":{"line":45,"column":0},"end":{"line":45,"column":null}},"8":{"start":{"line":46,"column":0},"end":{"line":50,"column":null}},"9":{"start":{"line":47,"column":0},"end":{"line":47,"column":null}},"10":{"start":{"line":49,"column":0},"end":{"line":49,"column":null}},"11":{"start":{"line":52,"column":0},"end":{"line":52,"column":null}},"12":{"start":{"line":54,"column":0},"end":{"line":54,"column":null}}},"fnMap":{"0":{"name":"(anonymous_1)","decl":{"start":{"line":23,"column":0},"end":{"line":23,"column":null}},"loc":{"start":{"line":23,"column":0},"end":{"line":34,"column":null}}},"1":{"name":"(anonymous_2)","decl":{"start":{"line":36,"column":0},"end":{"line":36,"column":null}},"loc":{"start":{"line":36,"column":0},"end":{"line":56,"column":null}}}},"branchMap":{"0":{"loc":{"start":{"line":38,"column":0},"end":{"line":40,"column":null}},"type":"if","locations":[{"start":{"line":38,"column":0},"end":{"line":40,"column":null}},{"start":{"line":38,"column":0},"end":{"line":40,"column":null}}]},"1":{"loc":{"start":{"line":38,"column":0},"end":{"line":38,"column":null}},"type":"binary-expr","locations":[{"start":{"line":38,"column":0},"end":{"line":38,"column":null}},{"start":{"line":38,"column":0},"end":{"line":38,"column":null}},{"start":{"line":38,"column":0},"end":{"line":38,"column":null}}]},"2":{"loc":{"start":{"line":46,"column":0},"end":{"line":50,"column":null}},"type":"if","locations":[{"start":{"line":46,"column":0},"end":{"line":50,"column":null}},{"start":{"line":46,"column":0},"end":{"line":50,"column":null}}]}},"s":{"0":1,"1":4,"2":4,"3":4,"4":1,"5":3,"6":3,"7":3,"8":2,"9":1,"10":1,"11":1,"12":3},"f":{"0":4,"1":4},"b":{"0":[1,3],"1":[4,4,3],"2":[1,1]}}
,"D:\\WebDevelopment\\vuejs_unit_test_using_jest\\src\\views\\vuejs_unit_test_using_jest.vue": {"path":"D:\\WebDevelopment\\vuejs_unit_test_using_jest\\src\\views\\vuejs_unit_test_using_jest.vue","statementMap":{"0":{"start":{"line":34,"column":0},"end":{"line":34,"column":null}},"1":{"start":{"line":35,"column":0},"end":{"line":35,"column":null}},"2":{"start":{"line":42,"column":0},"end":{"line":42,"column":null}},"3":{"start":{"line":48,"column":0},"end":{"line":48,"column":null}},"4":{"start":{"line":52,"column":0},"end":{"line":62,"column":null}},"5":{"start":{"line":53,"column":0},"end":{"line":53,"column":null}},"6":{"start":{"line":54,"column":0},"end":{"line":58,"column":null}},"7":{"start":{"line":55,"column":0},"end":{"line":55,"column":null}},"8":{"start":{"line":57,"column":0},"end":{"line":57,"column":null}},"9":{"start":{"line":59,"column":0},"end":{"line":59,"column":null}},"10":{"start":{"line":61,"column":0},"end":{"line":61,"column":null}}},"fnMap":{"0":{"name":"(anonymous_1)","decl":{"start":{"line":41,"column":0},"end":{"line":41,"column":null}},"loc":{"start":{"line":41,"column":0},"end":{"line":46,"column":null}}},"1":{"name":"(anonymous_2)","decl":{"start":{"line":47,"column":0},"end":{"line":47,"column":null}},"loc":{"start":{"line":47,"column":0},"end":{"line":49,"column":null}}},"2":{"name":"(anonymous_3)","decl":{"start":{"line":51,"column":0},"end":{"line":51,"column":null}},"loc":{"start":{"line":51,"column":0},"end":{"line":63,"column":null}}}},"branchMap":{"0":{"loc":{"start":{"line":54,"column":0},"end":{"line":58,"column":null}},"type":"if","locations":[{"start":{"line":54,"column":0},"end":{"line":58,"column":null}},{"start":{"line":54,"column":0},"end":{"line":58,"column":null}}]}},"s":{"0":1,"1":1,"2":4,"3":4,"4":4,"5":4,"6":3,"7":2,"8":1,"9":3,"10":1},"f":{"0":4,"1":4,"2":4},"b":{"0":[2,1]}}
}
