TN:
SF:D:\WebDevelopment\vuejs_unit_test_using_jest\src\views\NewTodo.vue
FN:23,(anonymous_1)
FN:36,(anonymous_2)
FNF:2
FNH:2
FNDA:4,(anonymous_1)
FNDA:4,(anonymous_2)
DA:19,1
DA:24,4
DA:37,4
DA:38,4
DA:39,1
DA:42,3
DA:44,3
DA:45,3
DA:46,2
DA:47,1
DA:49,1
DA:52,1
DA:54,3
LF:13
LH:13
BRDA:38,0,0,1
BRDA:38,0,1,3
BRDA:38,1,0,4
BRDA:38,1,1,4
BRDA:38,1,2,3
BRDA:46,2,0,1
BRDA:46,2,1,1
BRF:7
BRH:7
end_of_record
TN:
SF:D:\WebDevelopment\vuejs_unit_test_using_jest\src\views\vuejs_unit_test_using_jest.vue
FN:41,(anonymous_1)
FN:47,(anonymous_2)
FN:51,(anonymous_3)
FNF:3
FNH:3
FNDA:4,(anonymous_1)
FNDA:4,(anonymous_2)
FNDA:4,(anonymous_3)
DA:34,1
DA:35,1
DA:42,4
DA:48,4
DA:52,4
DA:53,4
DA:54,3
DA:55,2
DA:57,1
DA:59,3
DA:61,1
LF:11
LH:11
BRDA:54,0,0,2
BRDA:54,0,1,1
BRF:2
BRH:2
end_of_record
